{"message":"creating connection pools...","level":"info","timestamp":"2018-08-30 13:21:14"}
{"message":"creating connection pools...","level":"info","timestamp":"2018-09-06 15:04:53"}
{"message":"    kfsdb connection pool created","level":"info","timestamp":"2018-09-06 15:04:53"}
{"message":"    ricedb connection pool created","level":"info","timestamp":"2018-09-06 15:04:53"}
{"message":"loading Simple ORM...","level":"info","timestamp":"2018-09-06 15:04:53"}
{"message":"loading orm definitions...","level":"info","timestamp":"2018-09-06 15:04:53"}
{"message":"creating connection pools...","level":"info","timestamp":"2018-09-08 21:18:00"}
{"message":"    kfsdb connection pool created","level":"info","timestamp":"2018-09-08 21:18:00"}
{"message":"    ricedb connection pool created","level":"info","timestamp":"2018-09-08 21:18:00"}
{"message":"loading Simple ORM...","level":"info","timestamp":"2018-09-08 21:18:00"}
{"message":"loading orm definitions...","level":"info","timestamp":"2018-09-08 21:18:00"}
{"message":"orm definitions loaded","level":"info","timestamp":"2018-09-08 21:18:00"}
{"message":"Simple ORM loaded ","level":"info","timestamp":"2018-09-08 21:18:00"}
{"message":"creating connection pools...","level":"info","timestamp":"2018-09-08 21:21:22"}
{"message":"    kfsdb connection pool created","level":"info","timestamp":"2018-09-08 21:21:23"}
{"message":"    ricedb connection pool created","level":"info","timestamp":"2018-09-08 21:21:23"}
{"message":"loading Simple ORM...","level":"info","timestamp":"2018-09-08 21:21:23"}
{"message":"loading orm definitions...","level":"info","timestamp":"2018-09-08 21:21:23"}
{"message":"orm definitions loaded","level":"info","timestamp":"2018-09-08 21:21:23"}
{"message":"Simple ORM loaded ","level":"info","timestamp":"2018-09-08 21:21:23"}
{"message":"in createTablesIfRequired()","level":"info","timestamp":"2018-09-08 21:21:23"}
{"message":"creating connection pools...","level":"info","timestamp":"2018-09-08 21:22:09"}
{"message":"    kfsdb connection pool created","level":"info","timestamp":"2018-09-08 21:22:09"}
{"message":"    ricedb connection pool created","level":"info","timestamp":"2018-09-08 21:22:09"}
{"message":"loading Simple ORM...","level":"info","timestamp":"2018-09-08 21:22:09"}
{"message":"loading orm definitions...","level":"info","timestamp":"2018-09-08 21:22:09"}
{"message":"orm definitions loaded","level":"info","timestamp":"2018-09-08 21:22:09"}
{"message":"Simple ORM loaded ","level":"info","timestamp":"2018-09-08 21:22:09"}
{"message":"in createTablesIfRequired()","level":"info","timestamp":"2018-09-08 21:22:09"}
{"message":"creating connection pools...","level":"info","timestamp":"2018-09-08 21:23:33"}
{"message":"    kfsdb connection pool created","level":"info","timestamp":"2018-09-08 21:23:33"}
{"message":"    ricedb connection pool created","level":"info","timestamp":"2018-09-08 21:23:33"}
{"message":"loading Simple ORM...","level":"info","timestamp":"2018-09-08 21:23:33"}
{"message":"loading orm definitions...","level":"info","timestamp":"2018-09-08 21:23:33"}
{"message":"orm definitions loaded","level":"info","timestamp":"2018-09-08 21:23:33"}
{"message":"Simple ORM loaded ","level":"info","timestamp":"2018-09-08 21:23:33"}
{"message":"in createTablesIfRequired()","level":"info","timestamp":"2018-09-08 21:23:33"}
{"message":"creating connection pools...","level":"info","timestamp":"2018-09-08 21:25:07"}
{"message":"    kfsdb connection pool created","level":"info","timestamp":"2018-09-08 21:25:07"}
{"message":"    ricedb connection pool created","level":"info","timestamp":"2018-09-08 21:25:07"}
{"message":"loading Simple ORM...","level":"info","timestamp":"2018-09-08 21:25:07"}
{"message":"loading orm definitions...","level":"info","timestamp":"2018-09-08 21:25:07"}
{"message":"orm definitions loaded","level":"info","timestamp":"2018-09-08 21:25:07"}
{"message":"Simple ORM loaded ","level":"info","timestamp":"2018-09-08 21:25:07"}
{"message":"in createTablesIfRequired()","level":"info","timestamp":"2018-09-08 21:25:07"}
{"message":"creating connection pools...","level":"info","timestamp":"2018-09-08 21:26:35"}
{"message":"    kfsdb connection pool created","level":"info","timestamp":"2018-09-08 21:26:35"}
{"message":"    ricedb connection pool created","level":"info","timestamp":"2018-09-08 21:26:35"}
{"message":"loading Simple ORM...","level":"info","timestamp":"2018-09-08 21:26:35"}
{"message":"loading orm definitions...","level":"info","timestamp":"2018-09-08 21:26:35"}
{"message":"orm definitions loaded","level":"info","timestamp":"2018-09-08 21:26:35"}
{"message":"Simple ORM loaded ","level":"info","timestamp":"2018-09-08 21:26:35"}
{"message":"in createTablesIfRequired()=0","level":"info","timestamp":"2018-09-08 21:26:35"}
{"message":"creating connection pools...","level":"info","timestamp":"2018-09-08 21:36:22"}
{"message":"    kfsdb connection pool created","level":"info","timestamp":"2018-09-08 21:36:22"}
{"message":"    ricedb connection pool created","level":"info","timestamp":"2018-09-08 21:36:22"}
{"message":"loading Simple ORM...","level":"info","timestamp":"2018-09-08 21:36:22"}
{"message":"loading orm definitions...","level":"info","timestamp":"2018-09-08 21:36:22"}
{"message":"orm definitions loaded","level":"info","timestamp":"2018-09-08 21:36:22"}
{"message":"Simple ORM loaded ","level":"info","timestamp":"2018-09-08 21:36:22"}
{"message":"in createTablesIfRequired()=0","level":"info","timestamp":"2018-09-08 21:36:22"}
{"message":"creating connection pools...","level":"info","timestamp":"2018-09-08 21:37:15"}
{"message":"    kfsdb connection pool created","level":"info","timestamp":"2018-09-08 21:37:15"}
{"message":"    ricedb connection pool created","level":"info","timestamp":"2018-09-08 21:37:15"}
{"message":"loading Simple ORM...","level":"info","timestamp":"2018-09-08 21:37:15"}
{"message":"loading orm definitions...","level":"info","timestamp":"2018-09-08 21:37:15"}
{"message":"orm definitions loaded","level":"info","timestamp":"2018-09-08 21:37:15"}
{"message":"Simple ORM loaded ","level":"info","timestamp":"2018-09-08 21:37:15"}
{"message":"in createTablesIfRequired()=0","level":"info","timestamp":"2018-09-08 21:37:15"}
{"message":"creating connection pools...","level":"info","timestamp":"2018-09-08 21:38:12"}
{"message":"    kfsdb connection pool created","level":"info","timestamp":"2018-09-08 21:38:12"}
{"message":"    ricedb connection pool created","level":"info","timestamp":"2018-09-08 21:38:12"}
{"message":"loading Simple ORM...","level":"info","timestamp":"2018-09-08 21:38:12"}
{"message":"loading orm definitions...","level":"info","timestamp":"2018-09-08 21:38:12"}
{"message":"creating connection pools...","level":"info","timestamp":"2018-09-08 22:06:14"}
{"message":"    kfsdb connection pool created","level":"info","timestamp":"2018-09-08 22:06:14"}
{"message":"    ricedb connection pool created","level":"info","timestamp":"2018-09-08 22:06:14"}
{"message":"loading Simple ORM...","level":"info","timestamp":"2018-09-08 22:06:14"}
{"message":"loading orm definitions...","level":"info","timestamp":"2018-09-08 22:06:14"}
{"message":"creating connection pools...","level":"info","timestamp":"2018-09-08 22:06:35"}
{"message":"    kfsdb connection pool created","level":"info","timestamp":"2018-09-08 22:06:36"}
{"message":"    ricedb connection pool created","level":"info","timestamp":"2018-09-08 22:06:36"}
{"message":"loading Simple ORM...","level":"info","timestamp":"2018-09-08 22:06:36"}
{"message":"loading orm definitions...","level":"info","timestamp":"2018-09-08 22:06:36"}
{"message":"----------------------->./model/Test.js","level":"info","timestamp":"2018-09-08 22:06:36"}
{"message":"orm definitions loaded","level":"info","timestamp":"2018-09-08 22:06:36"}
{"message":"Simple ORM loaded ","level":"info","timestamp":"2018-09-08 22:06:36"}
{"message":"in createTablesIfRequired()=0","level":"info","timestamp":"2018-09-08 22:06:36"}
{"message":"creating connection pools...","level":"info","timestamp":"2018-09-08 22:07:36"}
{"message":"    kfsdb connection pool created","level":"info","timestamp":"2018-09-08 22:07:36"}
{"message":"    ricedb connection pool created","level":"info","timestamp":"2018-09-08 22:07:36"}
{"message":"loading Simple ORM...","level":"info","timestamp":"2018-09-08 22:07:36"}
{"message":"loading orm definitions...","level":"info","timestamp":"2018-09-08 22:07:36"}
{"message":"----------------------->./model/Test.js","level":"info","timestamp":"2018-09-08 22:07:36"}
{"message":"creating connection pools...","level":"info","timestamp":"2018-09-08 22:12:26"}
{"message":"    kfsdb connection pool created","level":"info","timestamp":"2018-09-08 22:12:27"}
{"message":"    ricedb connection pool created","level":"info","timestamp":"2018-09-08 22:12:27"}
{"message":"loading Simple ORM...","level":"info","timestamp":"2018-09-08 22:12:27"}
{"message":"loading orm definitions...","level":"info","timestamp":"2018-09-08 22:12:27"}
{"message":"----------------------->./model/Test.js","level":"info","timestamp":"2018-09-08 22:12:27"}
{"message":"----------->mn=Test","level":"info","timestamp":"2018-09-08 22:12:27"}
{"message":"creating connection pools...","level":"info","timestamp":"2018-09-08 22:16:02"}
{"message":"    kfsdb connection pool created","level":"info","timestamp":"2018-09-08 22:16:02"}
{"message":"    ricedb connection pool created","level":"info","timestamp":"2018-09-08 22:16:02"}
{"message":"loading Simple ORM...","level":"info","timestamp":"2018-09-08 22:16:02"}
{"message":"loading orm definitions...","level":"info","timestamp":"2018-09-08 22:16:02"}
{"message":"----------------------->./model/Test.js","level":"info","timestamp":"2018-09-08 22:16:02"}
{"message":"creating connection pools...","level":"info","timestamp":"2018-09-08 22:17:03"}
{"message":"    kfsdb connection pool created","level":"info","timestamp":"2018-09-08 22:17:03"}
{"message":"    ricedb connection pool created","level":"info","timestamp":"2018-09-08 22:17:03"}
{"message":"loading Simple ORM...","level":"info","timestamp":"2018-09-08 22:17:03"}
{"message":"loading orm definitions...","level":"info","timestamp":"2018-09-08 22:17:03"}
{"message":"----------------------->./model/Test.js","level":"info","timestamp":"2018-09-08 22:17:03"}
{"message":"creating connection pools...","level":"info","timestamp":"2018-09-08 22:17:44"}
{"message":"    kfsdb connection pool created","level":"info","timestamp":"2018-09-08 22:17:45"}
{"message":"    ricedb connection pool created","level":"info","timestamp":"2018-09-08 22:17:45"}
{"message":"loading Simple ORM...","level":"info","timestamp":"2018-09-08 22:17:45"}
{"message":"loading orm definitions...","level":"info","timestamp":"2018-09-08 22:17:45"}
{"message":"----------------------->./model/Test.js","level":"info","timestamp":"2018-09-08 22:17:45"}
{"message":"creating connection pools...","level":"info","timestamp":"2018-09-08 22:18:22"}
{"message":"    kfsdb connection pool created","level":"info","timestamp":"2018-09-08 22:18:22"}
{"message":"    ricedb connection pool created","level":"info","timestamp":"2018-09-08 22:18:22"}
{"message":"loading Simple ORM...","level":"info","timestamp":"2018-09-08 22:18:22"}
{"message":"loading orm definitions...","level":"info","timestamp":"2018-09-08 22:18:22"}
{"message":"----------------------->./model/Test.js","level":"info","timestamp":"2018-09-08 22:18:22"}
{"message":"creating connection pools...","level":"info","timestamp":"2018-09-08 22:18:41"}
{"message":"    kfsdb connection pool created","level":"info","timestamp":"2018-09-08 22:18:41"}
{"message":"    ricedb connection pool created","level":"info","timestamp":"2018-09-08 22:18:41"}
{"message":"loading Simple ORM...","level":"info","timestamp":"2018-09-08 22:18:41"}
{"message":"loading orm definitions...","level":"info","timestamp":"2018-09-08 22:18:41"}
{"message":"----------------------->./model/Test.js","level":"info","timestamp":"2018-09-08 22:18:41"}
{"message":"creating connection pools...","level":"info","timestamp":"2018-09-08 22:18:59"}
{"message":"    kfsdb connection pool created","level":"info","timestamp":"2018-09-08 22:18:59"}
{"message":"    ricedb connection pool created","level":"info","timestamp":"2018-09-08 22:18:59"}
{"message":"loading Simple ORM...","level":"info","timestamp":"2018-09-08 22:18:59"}
{"message":"loading orm definitions...","level":"info","timestamp":"2018-09-08 22:18:59"}
{"message":"----------------------->./model/Test.js","level":"info","timestamp":"2018-09-08 22:18:59"}
{"message":"creating connection pools...","level":"info","timestamp":"2018-09-08 22:19:24"}
{"message":"    kfsdb connection pool created","level":"info","timestamp":"2018-09-08 22:19:24"}
{"message":"    ricedb connection pool created","level":"info","timestamp":"2018-09-08 22:19:24"}
{"message":"loading Simple ORM...","level":"info","timestamp":"2018-09-08 22:19:24"}
{"message":"loading orm definitions...","level":"info","timestamp":"2018-09-08 22:19:24"}
{"message":"----------------------->./model/Test.js","level":"info","timestamp":"2018-09-08 22:19:24"}
{"message":"orm definitions loaded","level":"info","timestamp":"2018-09-08 22:19:24"}
{"message":"Simple ORM loaded ","level":"info","timestamp":"2018-09-08 22:19:24"}
{"message":"in createTablesIfRequired()=1","level":"info","timestamp":"2018-09-08 22:19:24"}
{"message":"creating table TEST_T","level":"info","timestamp":"2018-09-08 22:19:24"}
{"message":"AccountRepository.executeSqlQuery() - Error: NJS-047: poolAlias \"mydb\" not found in the connection pool cache\nError: NJS-047: poolAlias \"mydb\" not found in the connection pool cache\n    at Oracledb.getConnection (C:\\Program Files\\nodejs\\node_modules\\oracledb\\lib\\oracledb.js:284:23)\n    at C:\\Program Files\\nodejs\\node_modules\\oracledb\\lib\\util.js:116:16\n    at new Promise (<anonymous>)\n    at Oracledb.getConnection (C:\\Program Files\\nodejs\\node_modules\\oracledb\\lib\\util.js:104:14)\n    at Object.module.exports.getConnection (C:\\Program Files\\nodejs\\node_modules\\@simplenodeorm\\simplenodeorm\\orm.js:81:27)\n    at TestRepository.executeSqlQuery (C:\\Program Files\\nodejs\\node_modules\\@simplenodeorm\\simplenodeorm\\main\\Repository.js:1089:34)\n    at C:\\Program Files\\nodejs\\node_modules\\@simplenodeorm\\simplenodeorm\\main\\Repository.js:1129:37\n    at TestRepository.executeSqlQuerySync (C:\\Program Files\\nodejs\\node_modules\\@simplenodeorm\\simplenodeorm\\main\\Repository.js:1131:11)\n    at TestRepository.tableExists (C:\\Program Files\\nodejs\\node_modules\\@simplenodeorm\\simplenodeorm\\main\\Repository.js:45:27)\n    at C:\\Program Files\\nodejs\\node_modules\\@simplenodeorm\\simplenodeorm\\orm.js:477:19","level":"error","timestamp":"2018-09-08 22:19:24"}
{"message":"---------------------->{\"error\":{}}","level":"info","timestamp":"2018-09-08 22:19:24"}
{"message":"creating connection pools...","level":"info","timestamp":"2018-09-08 22:27:41"}
{"message":"    kfsdb connection pool created","level":"info","timestamp":"2018-09-08 22:27:41"}
{"message":"    ricedb connection pool created","level":"info","timestamp":"2018-09-08 22:27:42"}
{"message":"loading Simple ORM...","level":"info","timestamp":"2018-09-08 22:27:42"}
{"message":"loading orm definitions...","level":"info","timestamp":"2018-09-08 22:27:42"}
{"message":"----------------------->./model/Test.js","level":"info","timestamp":"2018-09-08 22:27:42"}
{"message":"orm definitions loaded","level":"info","timestamp":"2018-09-08 22:27:42"}
{"message":"Simple ORM loaded ","level":"info","timestamp":"2018-09-08 22:27:42"}
{"message":"in createTablesIfRequired()=1","level":"info","timestamp":"2018-09-08 22:27:42"}
{"message":"creating table TEST_T","level":"info","timestamp":"2018-09-08 22:27:42"}
{"message":"AccountRepository.executeSqlQuery() - Error: ORA-01036: illegal variable name/number\nError: ORA-01036: illegal variable name/number\n    at Function.module.exports.loopWhile (C:\\Program Files\\nodejs\\node_modules\\deasync\\index.js:72:22)\n    at Function.sleep (C:\\Program Files\\nodejs\\node_modules\\deasync\\index.js:44:19)\n    at TestRepository.executeSqlQuerySync (C:\\Program Files\\nodejs\\node_modules\\@simplenodeorm\\simplenodeorm\\main\\Repository.js:1136:21)\n    at TestRepository.tableExists (C:\\Program Files\\nodejs\\node_modules\\@simplenodeorm\\simplenodeorm\\main\\Repository.js:45:27)\n    at C:\\Program Files\\nodejs\\node_modules\\@simplenodeorm\\simplenodeorm\\orm.js:477:19\n    at Map.forEach (<anonymous>)\n    at createTablesIfRequired (C:\\Program Files\\nodejs\\node_modules\\@simplenodeorm\\simplenodeorm\\orm.js:475:19)\n    at EventEmitter.<anonymous> (C:\\Program Files\\nodejs\\node_modules\\@simplenodeorm\\simplenodeorm\\orm.js:31:9)\n    at EventEmitter.emit (events.js:182:13)\n    at initPool (C:\\Program Files\\nodejs\\node_modules\\@simplenodeorm\\simplenodeorm\\db\\dbConfiguration.js:37:24)","level":"error","timestamp":"2018-09-08 22:27:42"}
{"message":"---------------------->{\"error\":{\"errorNum\":1036,\"offset\":0}}","level":"info","timestamp":"2018-09-08 22:27:42"}
{"message":"creating connection pools...","level":"info","timestamp":"2018-09-08 22:31:27"}
{"message":"    kfsdb connection pool created","level":"info","timestamp":"2018-09-08 22:31:27"}
{"message":"    ricedb connection pool created","level":"info","timestamp":"2018-09-08 22:31:27"}
{"message":"loading Simple ORM...","level":"info","timestamp":"2018-09-08 22:31:27"}
{"message":"loading orm definitions...","level":"info","timestamp":"2018-09-08 22:31:27"}
{"message":"----------------------->./model/Test.js","level":"info","timestamp":"2018-09-08 22:31:27"}
{"message":"orm definitions loaded","level":"info","timestamp":"2018-09-08 22:31:27"}
{"message":"Simple ORM loaded ","level":"info","timestamp":"2018-09-08 22:31:27"}
{"message":"in createTablesIfRequired()=1","level":"info","timestamp":"2018-09-08 22:31:27"}
{"message":"creating table TEST_T","level":"info","timestamp":"2018-09-08 22:31:27"}
{"message":"---------------------->{\"result\":{\"metaData\":[{\"name\":\"TABLE_NAME\"}],\"rows\":[]}}","level":"info","timestamp":"2018-09-08 22:31:27"}
{"message":"creating connection pools...","level":"info","timestamp":"2018-09-08 22:33:34"}
{"message":"    kfsdb connection pool created","level":"info","timestamp":"2018-09-08 22:33:34"}
{"message":"    ricedb connection pool created","level":"info","timestamp":"2018-09-08 22:33:34"}
{"message":"loading Simple ORM...","level":"info","timestamp":"2018-09-08 22:33:34"}
{"message":"loading orm definitions...","level":"info","timestamp":"2018-09-08 22:33:34"}
{"message":"----------------------->./model/Test.js","level":"info","timestamp":"2018-09-08 22:33:34"}
{"message":"creating connection pools...","level":"info","timestamp":"2018-09-08 22:33:50"}
{"message":"    kfsdb connection pool created","level":"info","timestamp":"2018-09-08 22:33:50"}
{"message":"    ricedb connection pool created","level":"info","timestamp":"2018-09-08 22:33:51"}
{"message":"loading Simple ORM...","level":"info","timestamp":"2018-09-08 22:33:51"}
{"message":"loading orm definitions...","level":"info","timestamp":"2018-09-08 22:33:51"}
{"message":"----------------------->./model/Test.js","level":"info","timestamp":"2018-09-08 22:33:51"}
{"message":"orm definitions loaded","level":"info","timestamp":"2018-09-08 22:33:51"}
{"message":"Simple ORM loaded ","level":"info","timestamp":"2018-09-08 22:33:51"}
{"message":"in createTablesIfRequired()=1","level":"info","timestamp":"2018-09-08 22:33:51"}
{"message":"creating table TEST_T","level":"info","timestamp":"2018-09-08 22:33:51"}
{"message":"---------------------->{\"result\":{\"metaData\":[{\"name\":\"TABLE_NAME\"}],\"rows\":[]}}","level":"info","timestamp":"2018-09-08 22:33:51"}
{"message":"creating table TEST_T","level":"info","timestamp":"2018-09-08 22:33:51"}
{"message":"creating connection pools...","level":"info","timestamp":"2018-09-08 22:34:53"}
{"message":"    kfsdb connection pool created","level":"info","timestamp":"2018-09-08 22:34:53"}
{"message":"    ricedb connection pool created","level":"info","timestamp":"2018-09-08 22:34:53"}
{"message":"loading Simple ORM...","level":"info","timestamp":"2018-09-08 22:34:53"}
{"message":"loading orm definitions...","level":"info","timestamp":"2018-09-08 22:34:53"}
{"message":"----------------------->./model/Test.js","level":"info","timestamp":"2018-09-08 22:34:53"}
{"message":"orm definitions loaded","level":"info","timestamp":"2018-09-08 22:34:53"}
{"message":"Simple ORM loaded ","level":"info","timestamp":"2018-09-08 22:34:53"}
{"message":"in createTablesIfRequired()=1","level":"info","timestamp":"2018-09-08 22:34:53"}
{"message":"creating table TEST_T","level":"info","timestamp":"2018-09-08 22:34:53"}
{"message":"---------------------->{\"result\":{\"metaData\":[{\"name\":\"TABLE_NAME\"}],\"rows\":[]}}","level":"info","timestamp":"2018-09-08 22:34:54"}
{"message":"creating table TEST_T","level":"info","timestamp":"2018-09-08 22:34:54"}
{"message":"creating connection pools...","level":"info","timestamp":"2018-09-08 22:35:15"}
{"message":"    kfsdb connection pool created","level":"info","timestamp":"2018-09-08 22:35:15"}
{"message":"    ricedb connection pool created","level":"info","timestamp":"2018-09-08 22:35:15"}
{"message":"loading Simple ORM...","level":"info","timestamp":"2018-09-08 22:35:15"}
{"message":"loading orm definitions...","level":"info","timestamp":"2018-09-08 22:35:15"}
{"message":"----------------------->./model/Test.js","level":"info","timestamp":"2018-09-08 22:35:15"}
{"message":"orm definitions loaded","level":"info","timestamp":"2018-09-08 22:35:15"}
{"message":"Simple ORM loaded ","level":"info","timestamp":"2018-09-08 22:35:15"}
{"message":"in createTablesIfRequired()=1","level":"info","timestamp":"2018-09-08 22:35:15"}
{"message":"creating table TEST_T","level":"info","timestamp":"2018-09-08 22:35:15"}
{"message":"---------------------->{\"result\":{\"metaData\":[{\"name\":\"TABLE_NAME\"}],\"rows\":[]}}","level":"info","timestamp":"2018-09-08 22:35:15"}
{"message":"creating table TEST_T","level":"info","timestamp":"2018-09-08 22:35:15"}
{"message":"AccountRepository.executeSql() - Error: ORA-00904: : invalid identifier\nError: ORA-00904: : invalid identifier\n    at Function.module.exports.loopWhile (C:\\Program Files\\nodejs\\node_modules\\deasync\\index.js:72:22)\n    at Function.sleep (C:\\Program Files\\nodejs\\node_modules\\deasync\\index.js:44:19)\n    at TestRepository.executeSqlSync (C:\\Program Files\\nodejs\\node_modules\\@simplenodeorm\\simplenodeorm\\main\\Repository.js:1281:21)\n    at TestRepository.createTable (C:\\Program Files\\nodejs\\node_modules\\@simplenodeorm\\simplenodeorm\\main\\Repository.js:56:27)\n    at C:\\Program Files\\nodejs\\node_modules\\@simplenodeorm\\simplenodeorm\\orm.js:479:18\n    at Map.forEach (<anonymous>)\n    at createTablesIfRequired (C:\\Program Files\\nodejs\\node_modules\\@simplenodeorm\\simplenodeorm\\orm.js:475:19)\n    at EventEmitter.<anonymous> (C:\\Program Files\\nodejs\\node_modules\\@simplenodeorm\\simplenodeorm\\orm.js:31:9)\n    at EventEmitter.emit (events.js:182:13)\n    at initPool (C:\\Program Files\\nodejs\\node_modules\\@simplenodeorm\\simplenodeorm\\db\\dbConfiguration.js:37:24)","level":"error","timestamp":"2018-09-08 22:35:15"}
{"message":"creating connection pools...","level":"info","timestamp":"2018-09-08 22:37:08"}
{"message":"    kfsdb connection pool created","level":"info","timestamp":"2018-09-08 22:37:08"}
{"message":"    ricedb connection pool created","level":"info","timestamp":"2018-09-08 22:37:08"}
{"message":"loading Simple ORM...","level":"info","timestamp":"2018-09-08 22:37:08"}
{"message":"loading orm definitions...","level":"info","timestamp":"2018-09-08 22:37:08"}
{"message":"----------------------->./model/Test.js","level":"info","timestamp":"2018-09-08 22:37:08"}
{"message":"orm definitions loaded","level":"info","timestamp":"2018-09-08 22:37:08"}
{"message":"Simple ORM loaded ","level":"info","timestamp":"2018-09-08 22:37:08"}
{"message":"in createTablesIfRequired()=1","level":"info","timestamp":"2018-09-08 22:37:08"}
{"message":"creating table TEST_T","level":"info","timestamp":"2018-09-08 22:37:08"}
{"message":"---------------------->{\"result\":{\"metaData\":[{\"name\":\"TABLE_NAME\"}],\"rows\":[]}}","level":"info","timestamp":"2018-09-08 22:37:08"}
{"message":"creating table TEST_T","level":"info","timestamp":"2018-09-08 22:37:08"}
{"message":"AccountRepository.executeSql() - Error: ORA-00904: : invalid identifier\nError: ORA-00904: : invalid identifier\n    at Function.module.exports.loopWhile (C:\\Program Files\\nodejs\\node_modules\\deasync\\index.js:72:22)\n    at Function.sleep (C:\\Program Files\\nodejs\\node_modules\\deasync\\index.js:44:19)\n    at TestRepository.executeSqlSync (C:\\Program Files\\nodejs\\node_modules\\@simplenodeorm\\simplenodeorm\\main\\Repository.js:1281:21)\n    at TestRepository.createTable (C:\\Program Files\\nodejs\\node_modules\\@simplenodeorm\\simplenodeorm\\main\\Repository.js:56:27)\n    at C:\\Program Files\\nodejs\\node_modules\\@simplenodeorm\\simplenodeorm\\orm.js:479:18\n    at Map.forEach (<anonymous>)\n    at createTablesIfRequired (C:\\Program Files\\nodejs\\node_modules\\@simplenodeorm\\simplenodeorm\\orm.js:475:19)\n    at EventEmitter.<anonymous> (C:\\Program Files\\nodejs\\node_modules\\@simplenodeorm\\simplenodeorm\\orm.js:31:9)\n    at EventEmitter.emit (events.js:182:13)\n    at initPool (C:\\Program Files\\nodejs\\node_modules\\@simplenodeorm\\simplenodeorm\\db\\dbConfiguration.js:37:24)","level":"error","timestamp":"2018-09-08 22:37:08"}
{"message":"creating connection pools...","level":"info","timestamp":"2018-09-08 22:39:43"}
{"message":"    kfsdb connection pool created","level":"info","timestamp":"2018-09-08 22:39:43"}
{"message":"    ricedb connection pool created","level":"info","timestamp":"2018-09-08 22:39:43"}
{"message":"loading Simple ORM...","level":"info","timestamp":"2018-09-08 22:39:43"}
{"message":"loading orm definitions...","level":"info","timestamp":"2018-09-08 22:39:43"}
{"message":"----------------------->./model/Test.js","level":"info","timestamp":"2018-09-08 22:39:43"}
{"message":"orm definitions loaded","level":"info","timestamp":"2018-09-08 22:39:43"}
{"message":"Simple ORM loaded ","level":"info","timestamp":"2018-09-08 22:39:43"}
{"message":"in createTablesIfRequired()=1","level":"info","timestamp":"2018-09-08 22:39:43"}
{"message":"creating table TEST_T","level":"info","timestamp":"2018-09-08 22:39:43"}
{"message":"---------------------->{\"result\":{\"metaData\":[{\"name\":\"TABLE_NAME\"}],\"rows\":[]}}","level":"info","timestamp":"2018-09-08 22:39:43"}
{"message":"creating table TEST_T","level":"info","timestamp":"2018-09-08 22:39:43"}
{"message":"AccountRepository.executeSql() - Error: ORA-00904: : invalid identifier\nError: ORA-00904: : invalid identifier\n    at Function.module.exports.loopWhile (C:\\Program Files\\nodejs\\node_modules\\deasync\\index.js:72:22)\n    at Function.sleep (C:\\Program Files\\nodejs\\node_modules\\deasync\\index.js:44:19)\n    at TestRepository.executeSqlSync (C:\\Program Files\\nodejs\\node_modules\\@simplenodeorm\\simplenodeorm\\main\\Repository.js:1282:21)\n    at TestRepository.createTable (C:\\Program Files\\nodejs\\node_modules\\@simplenodeorm\\simplenodeorm\\main\\Repository.js:56:27)\n    at C:\\Program Files\\nodejs\\node_modules\\@simplenodeorm\\simplenodeorm\\orm.js:479:18\n    at Map.forEach (<anonymous>)\n    at createTablesIfRequired (C:\\Program Files\\nodejs\\node_modules\\@simplenodeorm\\simplenodeorm\\orm.js:475:19)\n    at EventEmitter.<anonymous> (C:\\Program Files\\nodejs\\node_modules\\@simplenodeorm\\simplenodeorm\\orm.js:31:9)\n    at EventEmitter.emit (events.js:182:13)\n    at initPool (C:\\Program Files\\nodejs\\node_modules\\@simplenodeorm\\simplenodeorm\\db\\dbConfiguration.js:37:24)","level":"error","timestamp":"2018-09-08 22:39:43"}
{"message":"creating connection pools...","level":"info","timestamp":"2018-09-08 22:40:49"}
{"message":"    kfsdb connection pool created","level":"info","timestamp":"2018-09-08 22:40:49"}
{"message":"    ricedb connection pool created","level":"info","timestamp":"2018-09-08 22:40:49"}
{"message":"loading Simple ORM...","level":"info","timestamp":"2018-09-08 22:40:49"}
{"message":"loading orm definitions...","level":"info","timestamp":"2018-09-08 22:40:49"}
{"message":"----------------------->./model/Test.js","level":"info","timestamp":"2018-09-08 22:40:49"}
{"message":"orm definitions loaded","level":"info","timestamp":"2018-09-08 22:40:49"}
{"message":"Simple ORM loaded ","level":"info","timestamp":"2018-09-08 22:40:49"}
{"message":"in createTablesIfRequired()=1","level":"info","timestamp":"2018-09-08 22:40:49"}
{"message":"creating table TEST_T","level":"info","timestamp":"2018-09-08 22:40:49"}
{"message":"---------------------->{\"result\":{\"metaData\":[{\"name\":\"TABLE_NAME\"}],\"rows\":[]}}","level":"info","timestamp":"2018-09-08 22:40:49"}
{"message":"creating table TEST_T","level":"info","timestamp":"2018-09-08 22:40:49"}
{"message":"------------>create table TEST_T(,  primary key())","level":"info","timestamp":"2018-09-08 22:40:49"}
{"message":"AccountRepository.executeSql() - Error: ORA-00904: : invalid identifier\nError: ORA-00904: : invalid identifier\n    at Function.module.exports.loopWhile (C:\\Program Files\\nodejs\\node_modules\\deasync\\index.js:72:22)\n    at Function.sleep (C:\\Program Files\\nodejs\\node_modules\\deasync\\index.js:44:19)\n    at TestRepository.executeSqlSync (C:\\Program Files\\nodejs\\node_modules\\@simplenodeorm\\simplenodeorm\\main\\Repository.js:1283:21)\n    at TestRepository.createTable (C:\\Program Files\\nodejs\\node_modules\\@simplenodeorm\\simplenodeorm\\main\\Repository.js:56:27)\n    at C:\\Program Files\\nodejs\\node_modules\\@simplenodeorm\\simplenodeorm\\orm.js:479:18\n    at Map.forEach (<anonymous>)\n    at createTablesIfRequired (C:\\Program Files\\nodejs\\node_modules\\@simplenodeorm\\simplenodeorm\\orm.js:475:19)\n    at EventEmitter.<anonymous> (C:\\Program Files\\nodejs\\node_modules\\@simplenodeorm\\simplenodeorm\\orm.js:31:9)\n    at EventEmitter.emit (events.js:182:13)\n    at initPool (C:\\Program Files\\nodejs\\node_modules\\@simplenodeorm\\simplenodeorm\\db\\dbConfiguration.js:37:24)","level":"error","timestamp":"2018-09-08 22:40:49"}
{"message":"creating connection pools...","level":"info","timestamp":"2018-09-08 22:41:35"}
{"message":"    kfsdb connection pool created","level":"info","timestamp":"2018-09-08 22:41:35"}
{"message":"    ricedb connection pool created","level":"info","timestamp":"2018-09-08 22:41:35"}
{"message":"loading Simple ORM...","level":"info","timestamp":"2018-09-08 22:41:35"}
{"message":"loading orm definitions...","level":"info","timestamp":"2018-09-08 22:41:35"}
{"message":"----------------------->./model/Test.js","level":"info","timestamp":"2018-09-08 22:41:35"}
{"message":"orm definitions loaded","level":"info","timestamp":"2018-09-08 22:41:35"}
{"message":"Simple ORM loaded ","level":"info","timestamp":"2018-09-08 22:41:35"}
{"message":"in createTablesIfRequired()=1","level":"info","timestamp":"2018-09-08 22:41:35"}
{"message":"creating table TEST_T","level":"info","timestamp":"2018-09-08 22:41:35"}
{"message":"---------------------->{\"result\":{\"metaData\":[{\"name\":\"TABLE_NAME\"}],\"rows\":[]}}","level":"info","timestamp":"2018-09-08 22:41:35"}
{"message":"creating table TEST_T","level":"info","timestamp":"2018-09-08 22:41:35"}
{"message":"------------>create table TEST_T( FIN_COA_CD VARCHAR2(2)  NOT NULL ,\n ACCOUNT_NBR VARCHAR2(7)  NOT NULL ,\n TEST_ID NUMBER(8)  NOT NULL ,\n NAME VARCHAR2(40) ,\n ACTIVE_IND VARCHAR2(1) ,\n CREATE_DT DATE,\n,  primary key(FIN_COA_CD,ACCOUNT_NBR,TEST_ID))","level":"info","timestamp":"2018-09-08 22:41:36"}
{"message":"AccountRepository.executeSql() - Error: ORA-00904: : invalid identifier\nError: ORA-00904: : invalid identifier\n    at Function.module.exports.loopWhile (C:\\Program Files\\nodejs\\node_modules\\deasync\\index.js:72:22)\n    at Function.sleep (C:\\Program Files\\nodejs\\node_modules\\deasync\\index.js:44:19)\n    at TestRepository.executeSqlSync (C:\\Program Files\\nodejs\\node_modules\\@simplenodeorm\\simplenodeorm\\main\\Repository.js:1283:21)\n    at TestRepository.createTable (C:\\Program Files\\nodejs\\node_modules\\@simplenodeorm\\simplenodeorm\\main\\Repository.js:56:27)\n    at C:\\Program Files\\nodejs\\node_modules\\@simplenodeorm\\simplenodeorm\\orm.js:479:18\n    at Map.forEach (<anonymous>)\n    at createTablesIfRequired (C:\\Program Files\\nodejs\\node_modules\\@simplenodeorm\\simplenodeorm\\orm.js:475:19)\n    at EventEmitter.<anonymous> (C:\\Program Files\\nodejs\\node_modules\\@simplenodeorm\\simplenodeorm\\orm.js:31:9)\n    at EventEmitter.emit (events.js:182:13)\n    at initPool (C:\\Program Files\\nodejs\\node_modules\\@simplenodeorm\\simplenodeorm\\db\\dbConfiguration.js:37:24)","level":"error","timestamp":"2018-09-08 22:41:36"}
{"message":"creating connection pools...","level":"info","timestamp":"2018-09-08 22:43:59"}
{"message":"    kfsdb connection pool created","level":"info","timestamp":"2018-09-08 22:43:59"}
{"message":"    ricedb connection pool created","level":"info","timestamp":"2018-09-08 22:43:59"}
{"message":"loading Simple ORM...","level":"info","timestamp":"2018-09-08 22:43:59"}
{"message":"loading orm definitions...","level":"info","timestamp":"2018-09-08 22:43:59"}
{"message":"----------------------->./model/Test.js","level":"info","timestamp":"2018-09-08 22:43:59"}
{"message":"orm definitions loaded","level":"info","timestamp":"2018-09-08 22:43:59"}
{"message":"Simple ORM loaded ","level":"info","timestamp":"2018-09-08 22:43:59"}
{"message":"in createTablesIfRequired()=1","level":"info","timestamp":"2018-09-08 22:43:59"}
{"message":"creating table TEST_T","level":"info","timestamp":"2018-09-08 22:43:59"}
{"message":"---------------------->{\"result\":{\"metaData\":[{\"name\":\"TABLE_NAME\"}],\"rows\":[]}}","level":"info","timestamp":"2018-09-08 22:44:00"}
{"message":"creating table TEST_T","level":"info","timestamp":"2018-09-08 22:44:00"}
{"message":"------------>create table TEST_T( FIN_COA_CD VARCHAR2(2)  NOT NULL ,\n ACCOUNT_NBR VARCHAR2(7)  NOT NULL ,\n TEST_ID NUMBER(8)  NOT NULL ,\n NAME VARCHAR2(40) ,\n ACTIVE_IND VARCHAR2(1) ,\n CREATE_DT DATE,\n primary key(FIN_COA_CD,ACCOUNT_NBR,TEST_ID))","level":"info","timestamp":"2018-09-08 22:44:00"}
{"message":"adding forign keys for table TEST_T","level":"info","timestamp":"2018-09-08 22:44:30"}
{"message":"creating connection pools...","level":"info","timestamp":"2018-09-08 22:45:50"}
{"message":"    kfsdb connection pool created","level":"info","timestamp":"2018-09-08 22:45:50"}
{"message":"    ricedb connection pool created","level":"info","timestamp":"2018-09-08 22:45:50"}
{"message":"loading Simple ORM...","level":"info","timestamp":"2018-09-08 22:45:50"}
{"message":"loading orm definitions...","level":"info","timestamp":"2018-09-08 22:45:50"}
{"message":"----------------------->./model/Test.js","level":"info","timestamp":"2018-09-08 22:45:50"}
{"message":"orm definitions loaded","level":"info","timestamp":"2018-09-08 22:45:50"}
{"message":"Simple ORM loaded ","level":"info","timestamp":"2018-09-08 22:45:50"}
{"message":"in createTablesIfRequired()=1","level":"info","timestamp":"2018-09-08 22:45:50"}
{"message":"creating table TEST_T","level":"info","timestamp":"2018-09-08 22:45:50"}
{"message":"---------------------->{\"result\":{\"metaData\":[{\"name\":\"TABLE_NAME\"}],\"rows\":[[\"TEST_T\"]]}}","level":"info","timestamp":"2018-09-08 22:45:50"}
{"message":"creating connection pools...","level":"info","timestamp":"2018-09-08 22:48:00"}
{"message":"    kfsdb connection pool created","level":"info","timestamp":"2018-09-08 22:48:00"}
{"message":"    ricedb connection pool created","level":"info","timestamp":"2018-09-08 22:48:00"}
{"message":"loading Simple ORM...","level":"info","timestamp":"2018-09-08 22:48:00"}
{"message":"loading orm definitions...","level":"info","timestamp":"2018-09-08 22:48:00"}
{"message":"----------------------->./model/Test.js","level":"info","timestamp":"2018-09-08 22:48:00"}
{"message":"orm definitions loaded","level":"info","timestamp":"2018-09-08 22:48:00"}
{"message":"Simple ORM loaded ","level":"info","timestamp":"2018-09-08 22:48:00"}
{"message":"in createTablesIfRequired()=1","level":"info","timestamp":"2018-09-08 22:48:00"}
{"message":"creating table TEST_T","level":"info","timestamp":"2018-09-08 22:48:00"}
{"message":"---------------------->{\"result\":{\"metaData\":[{\"name\":\"TABLE_NAME\"}],\"rows\":[]}}","level":"info","timestamp":"2018-09-08 22:48:01"}
{"message":"creating table TEST_T","level":"info","timestamp":"2018-09-08 22:48:01"}
{"message":"------------>create table TEST_T( FIN_COA_CD VARCHAR2(2)  NOT NULL ,\n ACCOUNT_NBR VARCHAR2(7)  NOT NULL ,\n TEST_ID NUMBER(8)  NOT NULL ,\n NAME VARCHAR2(40) ,\n ACTIVE_IND VARCHAR2(1) ,\n CREATE_DT DATE,\n primary key(FIN_COA_CD,ACCOUNT_NBR,TEST_ID))","level":"info","timestamp":"2018-09-08 22:48:01"}
{"message":"adding forign keys for table TEST_T","level":"info","timestamp":"2018-09-08 22:48:31"}
{"message":"creating connection pools...","level":"info","timestamp":"2018-09-08 22:48:56"}
{"message":"    kfsdb connection pool created","level":"info","timestamp":"2018-09-08 22:48:56"}
{"message":"    ricedb connection pool created","level":"info","timestamp":"2018-09-08 22:48:56"}
{"message":"loading Simple ORM...","level":"info","timestamp":"2018-09-08 22:48:56"}
{"message":"loading orm definitions...","level":"info","timestamp":"2018-09-08 22:48:56"}
{"message":"----------------------->./model/Test.js","level":"info","timestamp":"2018-09-08 22:48:56"}
{"message":"orm definitions loaded","level":"info","timestamp":"2018-09-08 22:48:56"}
{"message":"Simple ORM loaded ","level":"info","timestamp":"2018-09-08 22:48:56"}
{"message":"in createTablesIfRequired()=1","level":"info","timestamp":"2018-09-08 22:48:56"}
{"message":"creating table TEST_T","level":"info","timestamp":"2018-09-08 22:48:56"}
{"message":"---------------------->{\"result\":{\"metaData\":[{\"name\":\"TABLE_NAME\"}],\"rows\":[]}}","level":"info","timestamp":"2018-09-08 22:48:56"}
{"message":"creating table TEST_T","level":"info","timestamp":"2018-09-08 22:48:56"}
{"message":"------------>create table TEST_T( FIN_COA_CD VARCHAR2(2)  NOT NULL ,\n ACCOUNT_NBR VARCHAR2(7)  NOT NULL ,\n TEST_ID NUMBER(8)  NOT NULL ,\n NAME VARCHAR2(40) ,\n ACTIVE_IND VARCHAR2(1) ,\n CREATE_DT DATE,\n primary key(FIN_COA_CD,ACCOUNT_NBR,TEST_ID))","level":"info","timestamp":"2018-09-08 22:48:56"}
{"message":"adding forign keys for table TEST_T","level":"info","timestamp":"2018-09-08 22:49:26"}
{"message":"creating connection pools...","level":"info","timestamp":"2018-09-08 22:49:43"}
{"message":"    kfsdb connection pool created","level":"info","timestamp":"2018-09-08 22:49:43"}
{"message":"    ricedb connection pool created","level":"info","timestamp":"2018-09-08 22:49:43"}
{"message":"loading Simple ORM...","level":"info","timestamp":"2018-09-08 22:49:43"}
{"message":"loading orm definitions...","level":"info","timestamp":"2018-09-08 22:49:43"}
{"message":"----------------------->./model/Test.js","level":"info","timestamp":"2018-09-08 22:49:43"}
{"message":"orm definitions loaded","level":"info","timestamp":"2018-09-08 22:49:43"}
{"message":"Simple ORM loaded ","level":"info","timestamp":"2018-09-08 22:49:43"}
{"message":"in createTablesIfRequired()=1","level":"info","timestamp":"2018-09-08 22:49:43"}
{"message":"---------------------->{\"result\":{\"metaData\":[{\"name\":\"TABLE_NAME\"}],\"rows\":[[\"TEST_T\"]]}}","level":"info","timestamp":"2018-09-08 22:49:44"}
{"message":"creating connection pools...","level":"info","timestamp":"2018-09-08 22:52:32"}
{"message":"    kfsdb connection pool created","level":"info","timestamp":"2018-09-08 22:52:32"}
{"message":"    ricedb connection pool created","level":"info","timestamp":"2018-09-08 22:52:32"}
{"message":"loading Simple ORM...","level":"info","timestamp":"2018-09-08 22:52:32"}
{"message":"loading orm definitions...","level":"info","timestamp":"2018-09-08 22:52:32"}
{"message":"orm definitions loaded","level":"info","timestamp":"2018-09-08 22:52:32"}
{"message":"Simple ORM loaded ","level":"info","timestamp":"2018-09-08 22:52:32"}
{"message":"in createTablesIfRequired()=1","level":"info","timestamp":"2018-09-08 22:52:32"}
{"message":"creating table TEST_T","level":"info","timestamp":"2018-09-08 22:52:32"}
{"message":"------------>create table TEST_T( FIN_COA_CD VARCHAR2(2)  NOT NULL ,\n ACCOUNT_NBR VARCHAR2(7)  NOT NULL ,\n TEST_ID NUMBER(8)  NOT NULL ,\n NAME VARCHAR2(40) ,\n ACTIVE_IND VARCHAR2(1) ,\n CREATE_DT DATE,\n primary key(FIN_COA_CD,ACCOUNT_NBR,TEST_ID))","level":"info","timestamp":"2018-09-08 22:52:32"}
{"message":"adding forign keys for table TEST_T","level":"info","timestamp":"2018-09-08 22:53:02"}
{"message":"--------------->1","level":"info","timestamp":"2018-09-08 22:53:02"}
{"message":"--------------->2","level":"info","timestamp":"2018-09-08 22:53:02"}
{"message":"creating connection pools...","level":"info","timestamp":"2018-09-08 22:54:19"}
{"message":"    kfsdb connection pool created","level":"info","timestamp":"2018-09-08 22:54:19"}
{"message":"    ricedb connection pool created","level":"info","timestamp":"2018-09-08 22:54:19"}
{"message":"loading Simple ORM...","level":"info","timestamp":"2018-09-08 22:54:19"}
{"message":"loading orm definitions...","level":"info","timestamp":"2018-09-08 22:54:19"}
{"message":"orm definitions loaded","level":"info","timestamp":"2018-09-08 22:54:19"}
{"message":"Simple ORM loaded ","level":"info","timestamp":"2018-09-08 22:54:19"}
{"message":"in createTablesIfRequired()=1","level":"info","timestamp":"2018-09-08 22:54:19"}
{"message":"creating table TEST_T","level":"info","timestamp":"2018-09-08 22:54:19"}
{"message":"------------>create table TEST_T( FIN_COA_CD VARCHAR2(2)  NOT NULL ,\n ACCOUNT_NBR VARCHAR2(7)  NOT NULL ,\n TEST_ID NUMBER(8)  NOT NULL ,\n NAME VARCHAR2(40) ,\n ACTIVE_IND VARCHAR2(1) ,\n CREATE_DT DATE,\n primary key(FIN_COA_CD,ACCOUNT_NBR,TEST_ID))","level":"info","timestamp":"2018-09-08 22:54:19"}
{"message":"adding forign keys for table TEST_T","level":"info","timestamp":"2018-09-08 22:54:49"}
{"message":"--------------->1","level":"info","timestamp":"2018-09-08 22:54:49"}
{"message":"--------------->2","level":"info","timestamp":"2018-09-08 22:54:49"}
{"message":"------------>alter table TEST_T add foreign key (FIN_COA_CD) references  CA_CHART_T(FIN_COA_CD)","level":"info","timestamp":"2018-09-08 22:54:49"}
